Start auto log messages stack - Iteration 15.	[MsgId: MMSG-10545]
..\\Parameters\\common.h(68): web_add_auto_header("Upgrade-Insecure-Requests") started  	[MsgId: MMSG-26355]
..\\Parameters\\common.h(68): web_add_auto_header("Upgrade-Insecure-Requests") was successful  	[MsgId: MMSG-26392]
..\\Parameters\\common.h(71): web_reg_find started  	[MsgId: MMSG-26355]
..\\Parameters\\common.h(71): Registering web_reg_find was successful  	[MsgId: MMSG-26390]
..\\Parameters\\common.h(73): web_reg_find started  	[MsgId: MMSG-26355]
..\\Parameters\\common.h(73): Registering web_reg_find was successful  	[MsgId: MMSG-26390]
..\\Parameters\\common.h(76): web_url("Search Flights Button") started  	[MsgId: MMSG-26355]
..\\Parameters\\common.h(76): Error -26612: HTTP Status-Code=500 (Internal Server Error) for "http://localhost:1080/cgi-bin/welcome.pl?page=search"  	[MsgId: MERR-26612]
..\\Parameters\\common.h(76): Error -26366: "Text=User has returned to the search page." not found for web_reg_find  	[MsgId: MERR-26366]
..\\Parameters\\common.h(76): Error -26366: "Text=<b>Find Flight<" not found for web_reg_find  	[MsgId: MERR-26366]
End auto log messages stack.	[MsgId: MMSG-10544]


Start auto log messages stack - Iteration 29.	[MsgId: MMSG-10545]
..\\Parameters\\common.h(43): Found resource "http://localhost:1080/WebTours/images/flights.gif" in HTML "http://localhost:1080/cgi-bin/nav.pl?page=menu&in=home"  	[MsgId: MMSG-26659]
..\\Parameters\\common.h(43): Found resource "http://localhost:1080/WebTours/images/itinerary.gif" in HTML "http://localhost:1080/cgi-bin/nav.pl?page=menu&in=home"  	[MsgId: MMSG-26659]
..\\Parameters\\common.h(43): Found resource "http://localhost:1080/WebTours/images/in_home.gif" in HTML "http://localhost:1080/cgi-bin/nav.pl?page=menu&in=home"  	[MsgId: MMSG-26659]
..\\Parameters\\common.h(43): Found resource "http://localhost:1080/WebTours/images/signoff.gif" in HTML "http://localhost:1080/cgi-bin/nav.pl?page=menu&in=home"  	[MsgId: MMSG-26659]
..\\Parameters\\common.h(43): Error -26612: HTTP Status-Code=500 (Internal Server Error) for "http://localhost:1080/cgi-bin/login.pl?intro=true"  	[MsgId: MERR-26612]
End auto log messages stack.	[MsgId: MMSG-10544]


Start auto log messages stack - Iteration 29.	[MsgId: MMSG-10545]
..\\Parameters\\common.h(43): Registered web_reg_find successful for "Text=User password was correct" (count=1)  	[MsgId: MMSG-26364]
..\\Parameters\\common.h(43): Error -26366: "Text=Welcome, <b>user</b>, to the Web Tours" not found for web_reg_find  	[MsgId: MERR-26366]
End auto log messages stack.	[MsgId: MMSG-10544]


